{"/Users/lichengyu/Desktop/fso-learning/Part5/bloglist-frontend/src/components/Blog.jsx": {"path":"/Users/lichengyu/Desktop/fso-learning/Part5/bloglist-frontend/src/components/Blog.jsx","statementMap":{"0":{"start":{"line":3,"column":13},"end":{"line":32,"column":null}},"1":{"start":{"line":4,"column":28},"end":{"line":4,"column":null}},"2":{"start":{"line":6,"column":27},"end":{"line":8,"column":null}},"3":{"start":{"line":7,"column":4},"end":{"line":7,"column":null}},"4":{"start":{"line":10,"column":26},"end":{"line":10,"column":null}},"5":{"start":{"line":11,"column":16},"end":{"line":11,"column":null}},"6":{"start":{"line":14,"column":2},"end":{"line":30,"column":null}},"7":{"start":{"line":25,"column":33},"end":{"line":25,"column":53}},"8":{"start":{"line":26,"column":33},"end":{"line":26,"column":54}},"9":{"start":{"line":28,"column":53},"end":{"line":28,"column":67}}},"fnMap":{"0":{"name":"(anonymous_0)","decl":{"start":{"line":3,"column":13},"end":{"line":3,"column":14}},"loc":{"start":{"line":3,"column":43},"end":{"line":32,"column":null}},"line":3},"1":{"name":"(anonymous_1)","decl":{"start":{"line":6,"column":27},"end":{"line":6,"column":33}},"loc":{"start":{"line":6,"column":33},"end":{"line":8,"column":null}},"line":6},"2":{"name":"(anonymous_2)","decl":{"start":{"line":25,"column":27},"end":{"line":25,"column":33}},"loc":{"start":{"line":25,"column":33},"end":{"line":25,"column":53}},"line":25},"3":{"name":"(anonymous_3)","decl":{"start":{"line":26,"column":27},"end":{"line":26,"column":33}},"loc":{"start":{"line":26,"column":33},"end":{"line":26,"column":54}},"line":26},"4":{"name":"(anonymous_4)","decl":{"start":{"line":28,"column":47},"end":{"line":28,"column":53}},"loc":{"start":{"line":28,"column":53},"end":{"line":28,"column":67}},"line":28}},"branchMap":{"0":{"loc":{"start":{"line":10,"column":37},"end":{"line":10,"column":59}},"type":"cond-expr","locations":[{"start":{"line":10,"column":47},"end":{"line":10,"column":52}},{"start":{"line":10,"column":52},"end":{"line":10,"column":59}}],"line":10},"1":{"loc":{"start":{"line":11,"column":16},"end":{"line":11,"column":null}},"type":"cond-expr","locations":[{"start":{"line":11,"column":26},"end":{"line":11,"column":35}},{"start":{"line":11,"column":35},"end":{"line":11,"column":null}}],"line":11}},"s":{"0":1,"1":6,"2":6,"3":2,"4":6,"5":6,"6":6,"7":2,"8":0,"9":0},"f":{"0":6,"1":2,"2":2,"3":0,"4":0},"b":{"0":[2,4],"1":[2,4]},"meta":{"lastBranch":2,"lastFunction":5,"lastStatement":10,"seen":{"s:3:13:32:Infinity":0,"f:3:13:3:14":0,"s:4:28:4:Infinity":1,"s:6:27:8:Infinity":2,"f:6:27:6:33":1,"s:7:4:7:Infinity":3,"s:10:26:10:Infinity":4,"b:10:47:10:52:10:52:10:59":0,"s:11:16:11:Infinity":5,"b:11:26:11:35:11:35:11:Infinity":1,"s:14:2:30:Infinity":6,"f:25:27:25:33":2,"s:25:33:25:53":7,"f:26:27:26:33":3,"s:26:33:26:54":8,"f:28:47:28:53":4,"s:28:53:28:67":9}}}
,"/Users/lichengyu/Desktop/fso-learning/Part5/bloglist-frontend/src/components/BlogForm.jsx": {"path":"/Users/lichengyu/Desktop/fso-learning/Part5/bloglist-frontend/src/components/BlogForm.jsx","statementMap":{"0":{"start":{"line":3,"column":17},"end":{"line":52,"column":null}},"1":{"start":{"line":4,"column":30},"end":{"line":4,"column":null}},"2":{"start":{"line":5,"column":32},"end":{"line":5,"column":null}},"3":{"start":{"line":6,"column":26},"end":{"line":6,"column":null}},"4":{"start":{"line":8,"column":18},"end":{"line":19,"column":null}},"5":{"start":{"line":9,"column":4},"end":{"line":9,"column":null}},"6":{"start":{"line":10,"column":4},"end":{"line":14,"column":null}},"7":{"start":{"line":16,"column":4},"end":{"line":16,"column":null}},"8":{"start":{"line":17,"column":4},"end":{"line":17,"column":null}},"9":{"start":{"line":18,"column":4},"end":{"line":18,"column":null}},"10":{"start":{"line":21,"column":2},"end":{"line":49,"column":null}},"11":{"start":{"line":28,"column":29},"end":{"line":28,"column":null}},"12":{"start":{"line":36,"column":29},"end":{"line":36,"column":null}},"13":{"start":{"line":44,"column":29},"end":{"line":44,"column":null}}},"fnMap":{"0":{"name":"(anonymous_0)","decl":{"start":{"line":3,"column":17},"end":{"line":3,"column":18}},"loc":{"start":{"line":3,"column":37},"end":{"line":52,"column":null}},"line":3},"1":{"name":"(anonymous_1)","decl":{"start":{"line":8,"column":18},"end":{"line":8,"column":19}},"loc":{"start":{"line":8,"column":29},"end":{"line":19,"column":null}},"line":8},"2":{"name":"(anonymous_2)","decl":{"start":{"line":28,"column":20},"end":{"line":28,"column":29}},"loc":{"start":{"line":28,"column":29},"end":{"line":28,"column":null}},"line":28},"3":{"name":"(anonymous_3)","decl":{"start":{"line":36,"column":20},"end":{"line":36,"column":29}},"loc":{"start":{"line":36,"column":29},"end":{"line":36,"column":null}},"line":36},"4":{"name":"(anonymous_4)","decl":{"start":{"line":44,"column":20},"end":{"line":44,"column":29}},"loc":{"start":{"line":44,"column":29},"end":{"line":44,"column":null}},"line":44}},"branchMap":{},"s":{"0":1,"1":48,"2":48,"3":48,"4":48,"5":1,"6":1,"7":1,"8":1,"9":1,"10":48,"11":26,"12":6,"13":14},"f":{"0":48,"1":1,"2":26,"3":6,"4":14},"b":{},"meta":{"lastBranch":0,"lastFunction":5,"lastStatement":14,"seen":{"s:3:17:52:Infinity":0,"f:3:17:3:18":0,"s:4:30:4:Infinity":1,"s:5:32:5:Infinity":2,"s:6:26:6:Infinity":3,"s:8:18:19:Infinity":4,"f:8:18:8:19":1,"s:9:4:9:Infinity":5,"s:10:4:14:Infinity":6,"s:16:4:16:Infinity":7,"s:17:4:17:Infinity":8,"s:18:4:18:Infinity":9,"s:21:2:49:Infinity":10,"f:28:20:28:29":2,"s:28:29:28:Infinity":11,"f:36:20:36:29":3,"s:36:29:36:Infinity":12,"f:44:20:44:29":4,"s:44:29:44:Infinity":13}}}
}
