<?xml version="1.0" encoding="UTF-8"?>
<coverage generated="1764816053666" clover="3.2.0">
  <project timestamp="1764816053666" name="All files">
    <metrics statements="24" coveredstatements="22" conditionals="4" coveredconditionals="4" methods="10" coveredmethods="8" elements="38" coveredelements="34" complexity="0" loc="24" ncloc="24" packages="1" files="2" classes="2"/>
    <file name="Blog.jsx" path="/Users/lichengyu/Desktop/fso-learning/Part5/bloglist-frontend/src/components/Blog.jsx">
      <metrics statements="10" coveredstatements="8" conditionals="4" coveredconditionals="4" methods="5" coveredmethods="3"/>
      <line num="3" count="1" type="stmt"/>
      <line num="4" count="6" type="stmt"/>
      <line num="6" count="6" type="stmt"/>
      <line num="7" count="2" type="stmt"/>
      <line num="10" count="6" type="cond" truecount="2" falsecount="0"/>
      <line num="11" count="6" type="cond" truecount="2" falsecount="0"/>
      <line num="14" count="6" type="stmt"/>
      <line num="25" count="2" type="stmt"/>
      <line num="26" count="0" type="stmt"/>
      <line num="28" count="0" type="stmt"/>
    </file>
    <file name="BlogForm.jsx" path="/Users/lichengyu/Desktop/fso-learning/Part5/bloglist-frontend/src/components/BlogForm.jsx">
      <metrics statements="14" coveredstatements="14" conditionals="0" coveredconditionals="0" methods="5" coveredmethods="5"/>
      <line num="3" count="1" type="stmt"/>
      <line num="4" count="48" type="stmt"/>
      <line num="5" count="48" type="stmt"/>
      <line num="6" count="48" type="stmt"/>
      <line num="8" count="48" type="stmt"/>
      <line num="9" count="1" type="stmt"/>
      <line num="10" count="1" type="stmt"/>
      <line num="16" count="1" type="stmt"/>
      <line num="17" count="1" type="stmt"/>
      <line num="18" count="1" type="stmt"/>
      <line num="21" count="48" type="stmt"/>
      <line num="28" count="26" type="stmt"/>
      <line num="36" count="6" type="stmt"/>
      <line num="44" count="14" type="stmt"/>
    </file>
  </project>
</coverage>
